Tue Nov  3 13:12:19 2020 [INFO] Trying ::1
Tue Nov  3 13:12:19 2020 [WARN] Failed to connect to ::1; trying another address
Tue Nov  3 13:12:19 2020 [INFO] Trying 127.0.0.1
Tue Nov  3 13:12:19 2020 [INFO] Connected to 127.0.0.1
Tue Nov  3 13:12:19 2020 [INFO] Received: 220 Service ready for new user.
Tue Nov  3 13:12:21 2020 [INFO] Sent: USER alice
Tue Nov  3 13:12:21 2020 [INFO] Received: 331 User name okay, need password.
Tue Nov  3 13:12:23 2020 [INFO] Sent: PASS blowfish
Tue Nov  3 13:12:23 2020 [INFO] Received: 230 User logged in, proceed.
Tue Nov  3 13:12:32 2020 [INFO] Sent: PASV
Tue Nov  3 13:12:32 2020 [INFO] Received: 227 Entering passive mode (127,0,0,1,134,95)
Tue Nov  3 13:12:32 2020 [INFO] Sent: LIST
Tue Nov  3 13:12:32 2020 [INFO] Received: 150 Here comes the directory listing
Tue Nov  3 13:12:32 2020 [INFO] Received: 226 Directory send OK
Tue Nov  3 13:12:36 2020 [INFO] Sent: PORT 127,0,0,1,150,77
Tue Nov  3 13:12:36 2020 [INFO] Waiting for a connection to user-DTP
Tue Nov  3 13:12:36 2020 [INFO] Received: 200 Command okay.
Tue Nov  3 13:12:36 2020 [INFO] Sent: LIST
Tue Nov  3 13:12:36 2020 [INFO] Received: 150 Here comes the directory listing
Tue Nov  3 13:12:36 2020 [INFO] Got for a connection to user-DTP
Tue Nov  3 13:12:36 2020 [INFO] Received: 226 Directory send OK
Tue Nov  3 13:12:41 2020 [INFO] Sent: ESPV
Tue Nov  3 13:12:41 2020 [INFO] Received: 229 Entering extended passive mode (|||42481|)
Tue Nov  3 13:12:41 2020 [INFO] Sent: LIST
Tue Nov  3 13:12:41 2020 [INFO] Received: 150 Here comes the directory listing
Tue Nov  3 13:12:41 2020 [INFO] Received: 226 Directory send OK
Tue Nov  3 13:12:47 2020 [INFO] Sent: EPRT |1|127.0.0.1|58109|
Tue Nov  3 13:12:47 2020 [INFO] Waiting for a connection to user-DTP
Tue Nov  3 13:12:47 2020 [INFO] Received: 200 Command okay.
Tue Nov  3 13:12:47 2020 [INFO] Sent: LIST
Tue Nov  3 13:12:47 2020 [INFO] Received: 150 Here comes the directory listing
Tue Nov  3 13:12:47 2020 [INFO] Got for a connection to user-DTP
Tue Nov  3 13:12:47 2020 [INFO] Received: 226 Directory send OK
Tue Nov  3 13:12:50 2020 [INFO] Sent: PWD
Tue Nov  3 13:12:50 2020 [INFO] Received: 257 /
Tue Nov  3 13:12:56 2020 [INFO] Sent: CWD subd
Tue Nov  3 13:12:56 2020 [INFO] Received: 250 Requested file action okay, completed.
Tue Nov  3 13:12:57 2020 [INFO] Sent: EPRT |1|127.0.0.1|60959|
Tue Nov  3 13:12:57 2020 [INFO] Waiting for a connection to user-DTP
Tue Nov  3 13:12:57 2020 [INFO] Received: 200 Command okay.
Tue Nov  3 13:12:57 2020 [INFO] Sent: LIST
Tue Nov  3 13:12:57 2020 [INFO] Received: 150 Here comes the directory listing
Tue Nov  3 13:12:57 2020 [INFO] Got for a connection to user-DTP
Tue Nov  3 13:12:57 2020 [INFO] Received: 226 Directory send OK
Tue Nov  3 13:13:06 2020 [INFO] Sent: EPRT |1|127.0.0.1|52025|
Tue Nov  3 13:13:06 2020 [INFO] Waiting for a connection to user-DTP
Tue Nov  3 13:13:06 2020 [INFO] Received: 200 Command okay.
Tue Nov  3 13:13:06 2020 [INFO] Sent: RETR file2.txt
Tue Nov  3 13:13:06 2020 [INFO] Received: 150 Opening data connection
Tue Nov  3 13:13:06 2020 [INFO] Got for a connection to user-DTP
Tue Nov  3 13:13:06 2020 [INFO] Received: 226 File transfer OK
Tue Nov  3 13:13:23 2020 [INFO] Sent: EPRT |1|127.0.0.1|57909|
Tue Nov  3 13:13:23 2020 [INFO] Waiting for a connection to user-DTP
Tue Nov  3 13:13:23 2020 [INFO] Received: 200 Command okay.
Tue Nov  3 13:13:23 2020 [INFO] Sent: STOR anewfile.txt
Tue Nov  3 13:13:23 2020 [INFO] Received: 150 Opening data connection
Tue Nov  3 13:13:23 2020 [INFO] Got for a connection to user-DTP
Tue Nov  3 13:13:23 2020 [INFO] Received: 226 File transfer OK
Tue Nov  3 13:13:39 2020 [INFO] Sent: QUIT
Tue Nov  3 13:13:39 2020 [INFO] Received: 221 Service closing control connection.
Tue Nov  3 13:13:39 2020 [INFO] Closing user-PI socket
