Tue Nov 17 12:50:11 2020 [INFO] Main: configuration file loaded
Tue Nov 17 12:50:11 2020 [INFO] Main: now accepting connections
Tue Nov 17 12:50:21 2020 [INFO] Main: accepted a connection from 127.0.0.1:50222
Tue Nov 17 12:50:21 2020 [INFO] Conn 1: sent reply '220 Service ready for new user.'
Tue Nov 17 12:50:24 2020 [INFO] Conn 1: received USER
Tue Nov 17 12:50:24 2020 [INFO] Conn 1: sent reply '331 User name okay, need password.'
Tue Nov 17 12:50:30 2020 [INFO] Conn 1: received PASS
Tue Nov 17 12:50:30 2020 [INFO] Conn 1: sent reply '530 Not logged in.'
Tue Nov 17 12:50:33 2020 [INFO] Conn 1: received USER
Tue Nov 17 12:50:33 2020 [INFO] Conn 1: sent reply '331 User name okay, need password.'
Tue Nov 17 12:50:34 2020 [INFO] Conn 1: received PASS
Tue Nov 17 12:50:34 2020 [INFO] Conn 1: sent reply '530 Not logged in.'
Tue Nov 17 12:50:36 2020 [INFO] Conn 1: received USER
Tue Nov 17 12:50:36 2020 [INFO] Conn 1: sent reply '421 Too many failed login attempts'
Tue Nov 17 12:50:36 2020 [WARN] Conn 1: too many failed login attemps; dropping
Tue Nov 17 12:50:36 2020 [INFO] Main: got SIGCHLD
Tue Nov 17 12:51:07 2020 [INFO] Main: accepted a connection from 127.0.0.1:50238
Tue Nov 17 12:51:07 2020 [INFO] Conn 2: sent reply '220 Service ready for new user.'
Tue Nov 17 12:51:09 2020 [INFO] Conn 2: received USER
Tue Nov 17 12:51:09 2020 [INFO] Conn 2: sent reply '331 User name okay, need password.'
Tue Nov 17 12:51:11 2020 [INFO] Conn 2: received PASS
Tue Nov 17 12:51:11 2020 [INFO] Conn 2: sent reply '230 User logged in, proceed.'
Tue Nov 17 12:51:17 2020 [INFO] Conn 2: received PASV
Tue Nov 17 12:51:17 2020 [INFO] Conn 2: sent reply '227 Entering passive mode (127,0,0,1,220,25)'
Tue Nov 17 12:51:17 2020 [INFO] Conn 2: waiting for connection from client...
Tue Nov 17 12:51:17 2020 [INFO] Conn 2: client data connection established
Tue Nov 17 12:51:17 2020 [INFO] Conn 2: received LIST
Tue Nov 17 12:51:17 2020 [INFO] Conn 2: sent reply '150 Here comes the directory listing'
Tue Nov 17 12:51:17 2020 [INFO] Conn 2: sent reply '226 Directory send OK'
Tue Nov 17 12:51:19 2020 [INFO] Conn 2: received QUIT
Tue Nov 17 12:51:19 2020 [INFO] Conn 2: sent reply '221 Service closing control connection.'
Tue Nov 17 12:51:19 2020 [INFO] Main: got SIGCHLD
Tue Nov 17 12:51:33 2020 [INFO] Main: keyboard interrupt
Tue Nov 17 12:51:33 2020 [INFO] Main: no longer accepting connections
Tue Nov 17 12:51:52 2020 [ERROR] Main: at least one of port_mode or pasv_mode must be enabled in configuration
Tue Nov 17 12:54:05 2020 [INFO] Main: configuration file loaded
Tue Nov 17 12:54:05 2020 [INFO] Main: now accepting connections
Tue Nov 17 12:54:11 2020 [INFO] Main: accepted a connection from 127.0.0.1:50282
Tue Nov 17 12:54:11 2020 [INFO] Conn 1: sent reply '220 Service ready for new user.'
Tue Nov 17 12:54:13 2020 [INFO] Conn 1: received USER
Tue Nov 17 12:54:13 2020 [INFO] Conn 1: sent reply '331 User name okay, need password.'
Tue Nov 17 12:54:15 2020 [INFO] Conn 1: received PASS
Tue Nov 17 12:54:15 2020 [INFO] Conn 1: sent reply '230 User logged in, proceed.'
Tue Nov 17 12:54:19 2020 [INFO] Conn 1: received PORT
Tue Nov 17 12:54:19 2020 [INFO] Conn 1: sent reply '500 PORT is not allowed on the server'
Tue Nov 17 12:54:30 2020 [INFO] Conn 1: received PASV
Tue Nov 17 12:54:30 2020 [INFO] Conn 1: waiting for connection from client...
Tue Nov 17 12:54:30 2020 [INFO] Conn 1: sent reply '227 Entering passive mode (127,0,0,1,223,71)'
Tue Nov 17 12:54:30 2020 [INFO] Conn 1: client data connection established
Tue Nov 17 12:54:30 2020 [INFO] Conn 1: received LIST
Tue Nov 17 12:54:30 2020 [INFO] Conn 1: sent reply '150 Here comes the directory listing'
Tue Nov 17 12:54:30 2020 [INFO] Conn 1: sent reply '226 Directory send OK'
Tue Nov 17 12:54:34 2020 [INFO] Conn 1: received QUIT
Tue Nov 17 12:54:34 2020 [INFO] Conn 1: sent reply '221 Service closing control connection.'
Tue Nov 17 12:54:34 2020 [INFO] Main: got SIGCHLD
Tue Nov 17 12:54:37 2020 [INFO] Main: keyboard interrupt
Tue Nov 17 12:54:37 2020 [INFO] Main: no longer accepting connections
Tue Nov 17 12:54:54 2020 [INFO] Main: configuration file loaded
Tue Nov 17 12:54:54 2020 [INFO] Main: now accepting connections
Tue Nov 17 12:54:57 2020 [INFO] Main: accepted a connection from 127.0.0.1:50300
Tue Nov 17 12:54:57 2020 [INFO] Conn 1: sent reply '220 Service ready for new user.'
Tue Nov 17 12:55:00 2020 [INFO] Conn 1: received USER
Tue Nov 17 12:55:00 2020 [INFO] Conn 1: sent reply '331 User name okay, need password.'
Tue Nov 17 12:55:01 2020 [INFO] Conn 1: received PASS
Tue Nov 17 12:55:01 2020 [INFO] Conn 1: sent reply '230 User logged in, proceed.'
Tue Nov 17 12:55:05 2020 [INFO] Conn 1: received PASV
Tue Nov 17 12:55:05 2020 [INFO] Conn 1: sent reply '500 PASV is not allowed on the server'
Tue Nov 17 12:55:13 2020 [INFO] Conn 1: received PORT
Tue Nov 17 12:55:13 2020 [INFO] Conn 1: PORT address is 127.0.0.1:59827
Tue Nov 17 12:55:13 2020 [INFO] Conn 1: sent reply '200 Command okay.'
Tue Nov 17 12:55:13 2020 [INFO] Conn 1: received LIST
Tue Nov 17 12:55:13 2020 [INFO] Conn 1: sent reply '150 Here comes the directory listing'
Tue Nov 17 12:55:13 2020 [INFO] Conn 1: sent reply '226 Directory send OK'
Tue Nov 17 12:55:22 2020 [INFO] Conn 1: received QUIT
Tue Nov 17 12:55:22 2020 [INFO] Conn 1: sent reply '221 Service closing control connection.'
Tue Nov 17 12:55:22 2020 [INFO] Main: got SIGCHLD
Tue Nov 17 12:55:27 2020 [INFO] Main: keyboard interrupt
Tue Nov 17 12:55:27 2020 [INFO] Main: no longer accepting connections
